java.io.FileNotFoundException: /Users/chuang8/proteomics/DeepRescore/work/bb/71526152b3c2c2f37d07fe6579cb43/A1101.mgf (No such file or directory)
	at java.io.RandomAccessFile.open0(Native Method)
	at java.io.RandomAccessFile.open(RandomAccessFile.java:316)
	at java.io.RandomAccessFile.<init>(RandomAccessFile.java:243)
	at java.io.RandomAccessFile.<init>(RandomAccessFile.java:124)
	at uk.ac.ebi.pride.tools.braf.BufferedRandomAccessFile.<init>(BufferedRandomAccessFile.java:45)
	at uk.ac.ebi.pride.tools.braf.BufferedRandomAccessFile.<init>(BufferedRandomAccessFile.java:53)
	at com.compomics.util.experiment.io.massspectrometry.MgfReader.getIndexMap(MgfReader.java:214)
	at com.compomics.util.experiment.massspectrometry.SpectrumFactory.addSpectra(SpectrumFactory.java:211)
	at com.compomics.util.experiment.massspectrometry.SpectrumFactory.addSpectra(SpectrumFactory.java:165)
	at PDVCLI.PDVCLIMainClass.processSpectrumFile(PDVCLIMainClass.java:468)
	at PDVCLI.PDVCLIMainClass.importFile(PDVCLIMainClass.java:423)
	at PDVCLI.PDVCLIMainClass.runCMD(PDVCLIMainClass.java:352)
	at PDVCLI.PDVCLIMainClass.<init>(PDVCLIMainClass.java:181)
	at PDVGUI.gui.PDVMainClass.main(PDVMainClass.java:280)
java.io.FileNotFoundException: A1101.pep.xml (No such file or directory)
	at java.io.FileInputStream.open0(Native Method)
	at java.io.FileInputStream.open(FileInputStream.java:195)
	at java.io.FileInputStream.<init>(FileInputStream.java:138)
	at java.io.FileReader.<init>(FileReader.java:72)
	at PDVCLI.PepXMLImport.getScoreName(PepXMLImport.java:514)
	at PDVCLI.PepXMLImport.importFile(PepXMLImport.java:124)
	at PDVCLI.PepXMLImport.<init>(PepXMLImport.java:106)
	at PDVCLI.PDVCLIMainClass.importFile(PDVCLIMainClass.java:425)
	at PDVCLI.PDVCLIMainClass.runCMD(PDVCLIMainClass.java:352)
	at PDVCLI.PDVCLIMainClass.<init>(PDVCLIMainClass.java:181)
	at PDVGUI.gui.PDVMainClass.main(PDVMainClass.java:280)
