Unable to find image 'proteomics/pga:latest' locally
latest: Pulling from proteomics/pga
844c33c7e6ea: Pulling fs layer
0bea1d200151: Pulling fs layer
322875932af8: Pulling fs layer
99a63d9a15e2: Pulling fs layer
44d8dd81a524: Pulling fs layer
f930417557f2: Pulling fs layer
ec3f11b605b0: Pulling fs layer
99bc1254742c: Pulling fs layer
daea49f895db: Pulling fs layer
89a95be91172: Pulling fs layer
eb3f5a8114c2: Pulling fs layer
74a512693331: Pulling fs layer
25f1c108f9de: Pulling fs layer
1eb1e457867e: Pulling fs layer
a659bae5c291: Pulling fs layer
99a63d9a15e2: Waiting
44d8dd81a524: Waiting
daea49f895db: Waiting
89a95be91172: Waiting
eb3f5a8114c2: Waiting
63d67900a3ad: Pulling fs layer
ad69b94e8489: Pulling fs layer
f930417557f2: Waiting
ec3f11b605b0: Waiting
b96054add63d: Pulling fs layer
99bc1254742c: Waiting
789fcfafa8e9: Pulling fs layer
e3ccdfdf51f5: Pulling fs layer
63d67900a3ad: Waiting
d221cccb7cbc: Pulling fs layer
77a1ffe3c50c: Pulling fs layer
74a512693331: Waiting
25f1c108f9de: Waiting
ad69b94e8489: Waiting
1eb1e457867e: Waiting
b96054add63d: Waiting
d221cccb7cbc: Waiting
789fcfafa8e9: Waiting
e3ccdfdf51f5: Waiting
77a1ffe3c50c: Waiting
a659bae5c291: Waiting
844c33c7e6ea: Verifying Checksum
844c33c7e6ea: Download complete
99a63d9a15e2: Verifying Checksum
99a63d9a15e2: Download complete
44d8dd81a524: Verifying Checksum
44d8dd81a524: Download complete
f930417557f2: Verifying Checksum
f930417557f2: Download complete
844c33c7e6ea: Pull complete
ec3f11b605b0: Download complete
99bc1254742c: Verifying Checksum
99bc1254742c: Download complete
daea49f895db: Verifying Checksum
daea49f895db: Download complete
89a95be91172: Verifying Checksum
89a95be91172: Download complete
eb3f5a8114c2: Verifying Checksum
eb3f5a8114c2: Download complete
74a512693331: Verifying Checksum
74a512693331: Download complete
25f1c108f9de: Verifying Checksum
25f1c108f9de: Download complete
1eb1e457867e: Verifying Checksum
1eb1e457867e: Download complete
a659bae5c291: Verifying Checksum
a659bae5c291: Download complete
0bea1d200151: Download complete
322875932af8: Verifying Checksum
322875932af8: Download complete
63d67900a3ad: Verifying Checksum
63d67900a3ad: Download complete
789fcfafa8e9: Download complete
e3ccdfdf51f5: Verifying Checksum
e3ccdfdf51f5: Download complete
d221cccb7cbc: Verifying Checksum
d221cccb7cbc: Download complete
ad69b94e8489: Verifying Checksum
ad69b94e8489: Download complete
77a1ffe3c50c: Verifying Checksum
77a1ffe3c50c: Download complete
0bea1d200151: Pull complete
322875932af8: Pull complete
99a63d9a15e2: Pull complete
44d8dd81a524: Pull complete
f930417557f2: Pull complete
ec3f11b605b0: Pull complete
99bc1254742c: Pull complete
daea49f895db: Pull complete
89a95be91172: Pull complete
eb3f5a8114c2: Pull complete
74a512693331: Pull complete
25f1c108f9de: Pull complete
1eb1e457867e: Pull complete
a659bae5c291: Pull complete
b96054add63d: Verifying Checksum
b96054add63d: Download complete
63d67900a3ad: Pull complete
ad69b94e8489: Pull complete
b96054add63d: Pull complete
789fcfafa8e9: Pull complete
e3ccdfdf51f5: Pull complete
d221cccb7cbc: Pull complete
77a1ffe3c50c: Pull complete
Digest: sha256:6b5d0ad8d7206185dcc1fd83d53619b31786ca9e927562f0bb918773f119cb77
Status: Downloaded newer image for proteomics/pga:latest
Bioconductor version 3.10 (BiocManager 1.30.10), ?BiocManager::install for help
Bioconductor version '3.10' is out-of-date; the current release version '3.15'
  is available with R version '4.2'; see https://bioconductor.org/install
── Attaching packages ─────────────────────────────────────── tidyverse 1.3.0 ──
✔ ggplot2 3.2.1     ✔ purrr   0.3.3
✔ tibble  2.1.3     ✔ dplyr   0.8.4
✔ tidyr   1.0.0     ✔ stringr 1.4.0
✔ readr   1.3.1     ✔ forcats 0.4.0
── Conflicts ────────────────────────────────────────── tidyverse_conflicts() ──
✖ dplyr::filter() masks stats::filter()
✖ dplyr::lag()    masks stats::lag()
Error: Can't subset columns that don't exist.
✖ The column `expect` doesn't exist.
Backtrace:
     █
  1. ├─`%>%`(...)
  2. │ ├─base::withVisible(eval(quote(`_fseq`(`_lhs`)), env, env))
  3. │ └─base::eval(quote(`_fseq`(`_lhs`)), env, env)
  4. │   └─base::eval(quote(`_fseq`(`_lhs`)), env, env)
  5. │     └─`_fseq`(`_lhs`)
  6. │       └─magrittr::freduce(value, `_function_list`)
  7. │         ├─base::withVisible(function_list[[k]](value))
  8. │         └─function_list[[k]](value)
  9. │           ├─dplyr::select(...)
 10. │           └─dplyr:::select.data.frame(...)
 11. │             └─tidyselect::vars_select(tbl_vars(.data), !!!enquos(...))
 12. │               └─tidyselect:::eval_select_impl(...)
 13. │                 ├─tidyselect:::with_subscript_errors(...)
 14. │                 │ ├─base::tryCatch(...)
 15. │                 │ │ └─base:::tryCatchList(expr, classes, parentenv, ha
Execution halted
